<?xml version="1.0" encoding="UTF-8"?>
<testng-results ignored="0" total="2" passed="2" failed="0" skipped="0">
  <reporter-output>
  </reporter-output>
  <suite started-at="2022-06-17T06:47:53Z" name="Default suite" finished-at="2022-06-17T06:48:38Z" duration-ms="44723">
    <groups>
    </groups>
    <test started-at="2022-06-17T06:47:53Z" name="Default test" finished-at="2022-06-17T06:48:38Z" duration-ms="44723">
      <class name="java_package.JavaFirstOne">
        <test-method signature="LocalFile()[pri:0, instance:java_package.JavaFirstOne@5c45d770]" started-at="2022-06-17T06:47:53Z" name="LocalFile" finished-at="2022-06-17T06:48:14Z" duration-ms="20967" status="PASS">
          <reporter-output>
          </reporter-output>
        </test-method> <!-- LocalFile -->
        <test-method signature="ThroughUrl()[pri:0, instance:java_package.JavaFirstOne@5c45d770]" started-at="2022-06-17T06:48:14Z" name="ThroughUrl" finished-at="2022-06-17T06:48:38Z" duration-ms="23736" status="PASS">
          <reporter-output>
          </reporter-output>
        </test-method> <!-- ThroughUrl -->
      </class> <!-- java_package.JavaFirstOne -->
    </test> <!-- Default test -->
  </suite> <!-- Default suite -->
</testng-results>
